2017-05-24 17:01:12 =SUPERVISOR REPORT====
     Supervisor: {local,'Elixir.Logger.Supervisor'}
     Context:    child_terminated
     Reason:     normal
     Offender:   [{pid,<0.301.0>},{id,'Elixir.Logger.ErrorHandler'},{mfargs,{'Elixir.Logger.Watcher',watcher,[error_logger,'Elixir.Logger.ErrorHandler',{true,false,500}]}},{restart_type,permanent},{shutdown,5000},{child_type,worker}]

2017-05-24 17:01:25 =SUPERVISOR REPORT====
     Supervisor: {local,'Elixir.Logger.Supervisor'}
     Context:    child_terminated
     Reason:     normal
     Offender:   [{pid,<0.207.0>},{id,'Elixir.Logger.ErrorHandler'},{mfargs,{'Elixir.Logger.Watcher',watcher,[error_logger,'Elixir.Logger.ErrorHandler',{true,false,500}]}},{restart_type,permanent},{shutdown,5000},{child_type,worker}]

2017-05-24 17:59:29 =SUPERVISOR REPORT====
     Supervisor: {local,'Elixir.Logger.Supervisor'}
     Context:    child_terminated
     Reason:     normal
     Offender:   [{pid,<0.207.0>},{id,'Elixir.Logger.ErrorHandler'},{mfargs,{'Elixir.Logger.Watcher',watcher,[error_logger,'Elixir.Logger.ErrorHandler',{true,false,500}]}},{restart_type,permanent},{shutdown,5000},{child_type,worker}]

2017-05-24 18:04:03 =SUPERVISOR REPORT====
     Supervisor: {local,'Elixir.Logger.Supervisor'}
     Context:    child_terminated
     Reason:     normal
     Offender:   [{pid,<0.252.0>},{id,'Elixir.Logger.ErrorHandler'},{mfargs,{'Elixir.Logger.Watcher',watcher,[error_logger,'Elixir.Logger.ErrorHandler',{true,false,500}]}},{restart_type,permanent},{shutdown,5000},{child_type,worker}]

2017-05-24 18:04:41 =SUPERVISOR REPORT====
     Supervisor: {local,'Elixir.Logger.Supervisor'}
     Context:    child_terminated
     Reason:     normal
     Offender:   [{pid,<0.252.0>},{id,'Elixir.Logger.ErrorHandler'},{mfargs,{'Elixir.Logger.Watcher',watcher,[error_logger,'Elixir.Logger.ErrorHandler',{true,false,500}]}},{restart_type,permanent},{shutdown,5000},{child_type,worker}]

2017-05-24 18:05:47 =SUPERVISOR REPORT====
     Supervisor: {local,'Elixir.Logger.Supervisor'}
     Context:    child_terminated
     Reason:     normal
     Offender:   [{pid,<0.252.0>},{id,'Elixir.Logger.ErrorHandler'},{mfargs,{'Elixir.Logger.Watcher',watcher,[error_logger,'Elixir.Logger.ErrorHandler',{true,false,500}]}},{restart_type,permanent},{shutdown,5000},{child_type,worker}]

2017-05-24 18:07:22 =SUPERVISOR REPORT====
     Supervisor: {local,'Elixir.Logger.Supervisor'}
     Context:    child_terminated
     Reason:     normal
     Offender:   [{pid,<0.252.0>},{id,'Elixir.Logger.ErrorHandler'},{mfargs,{'Elixir.Logger.Watcher',watcher,[error_logger,'Elixir.Logger.ErrorHandler',{true,false,500}]}},{restart_type,permanent},{shutdown,5000},{child_type,worker}]

2017-05-24 18:09:51 =SUPERVISOR REPORT====
     Supervisor: {local,'Elixir.Logger.Supervisor'}
     Context:    child_terminated
     Reason:     normal
     Offender:   [{pid,<0.252.0>},{id,'Elixir.Logger.ErrorHandler'},{mfargs,{'Elixir.Logger.Watcher',watcher,[error_logger,'Elixir.Logger.ErrorHandler',{true,false,500}]}},{restart_type,permanent},{shutdown,5000},{child_type,worker}]

2017-05-24 18:11:29 =SUPERVISOR REPORT====
     Supervisor: {local,'Elixir.Logger.Supervisor'}
     Context:    child_terminated
     Reason:     normal
     Offender:   [{pid,<0.252.0>},{id,'Elixir.Logger.ErrorHandler'},{mfargs,{'Elixir.Logger.Watcher',watcher,[error_logger,'Elixir.Logger.ErrorHandler',{true,false,500}]}},{restart_type,permanent},{shutdown,5000},{child_type,worker}]

2017-05-24 18:12:05 =SUPERVISOR REPORT====
     Supervisor: {local,'Elixir.Logger.Supervisor'}
     Context:    child_terminated
     Reason:     normal
     Offender:   [{pid,<0.252.0>},{id,'Elixir.Logger.ErrorHandler'},{mfargs,{'Elixir.Logger.Watcher',watcher,[error_logger,'Elixir.Logger.ErrorHandler',{true,false,500}]}},{restart_type,permanent},{shutdown,5000},{child_type,worker}]

2017-05-24 18:12:15 =SUPERVISOR REPORT====
     Supervisor: {local,'Elixir.Logger.Supervisor'}
     Context:    child_terminated
     Reason:     normal
     Offender:   [{pid,<0.252.0>},{id,'Elixir.Logger.ErrorHandler'},{mfargs,{'Elixir.Logger.Watcher',watcher,[error_logger,'Elixir.Logger.ErrorHandler',{true,false,500}]}},{restart_type,permanent},{shutdown,5000},{child_type,worker}]

2017-05-24 18:15:50 =SUPERVISOR REPORT====
     Supervisor: {local,'Elixir.Logger.Supervisor'}
     Context:    child_terminated
     Reason:     normal
     Offender:   [{pid,<0.252.0>},{id,'Elixir.Logger.ErrorHandler'},{mfargs,{'Elixir.Logger.Watcher',watcher,[error_logger,'Elixir.Logger.ErrorHandler',{true,false,500}]}},{restart_type,permanent},{shutdown,5000},{child_type,worker}]

2017-05-24 18:31:15 =SUPERVISOR REPORT====
     Supervisor: {local,'Elixir.Logger.Supervisor'}
     Context:    child_terminated
     Reason:     normal
     Offender:   [{pid,<0.252.0>},{id,'Elixir.Logger.ErrorHandler'},{mfargs,{'Elixir.Logger.Watcher',watcher,[error_logger,'Elixir.Logger.ErrorHandler',{true,false,500}]}},{restart_type,permanent},{shutdown,5000},{child_type,worker}]

2017-05-24 18:31:25 =SUPERVISOR REPORT====
     Supervisor: {local,'Elixir.Logger.Supervisor'}
     Context:    child_terminated
     Reason:     normal
     Offender:   [{pid,<0.252.0>},{id,'Elixir.Logger.ErrorHandler'},{mfargs,{'Elixir.Logger.Watcher',watcher,[error_logger,'Elixir.Logger.ErrorHandler',{true,false,500}]}},{restart_type,permanent},{shutdown,5000},{child_type,worker}]

2017-05-24 18:32:01 =SUPERVISOR REPORT====
     Supervisor: {local,'Elixir.Logger.Supervisor'}
     Context:    child_terminated
     Reason:     normal
     Offender:   [{pid,<0.252.0>},{id,'Elixir.Logger.ErrorHandler'},{mfargs,{'Elixir.Logger.Watcher',watcher,[error_logger,'Elixir.Logger.ErrorHandler',{true,false,500}]}},{restart_type,permanent},{shutdown,5000},{child_type,worker}]

2017-05-24 18:32:11 =SUPERVISOR REPORT====
     Supervisor: {local,'Elixir.Logger.Supervisor'}
     Context:    child_terminated
     Reason:     normal
     Offender:   [{pid,<0.252.0>},{id,'Elixir.Logger.ErrorHandler'},{mfargs,{'Elixir.Logger.Watcher',watcher,[error_logger,'Elixir.Logger.ErrorHandler',{true,false,500}]}},{restart_type,permanent},{shutdown,5000},{child_type,worker}]

2017-05-24 18:32:57 =SUPERVISOR REPORT====
     Supervisor: {local,'Elixir.Logger.Supervisor'}
     Context:    child_terminated
     Reason:     normal
     Offender:   [{pid,<0.207.0>},{id,'Elixir.Logger.ErrorHandler'},{mfargs,{'Elixir.Logger.Watcher',watcher,[error_logger,'Elixir.Logger.ErrorHandler',{true,false,500}]}},{restart_type,permanent},{shutdown,5000},{child_type,worker}]

2017-05-24 18:33:09 =SUPERVISOR REPORT====
     Supervisor: {local,'Elixir.Logger.Supervisor'}
     Context:    child_terminated
     Reason:     normal
     Offender:   [{pid,<0.252.0>},{id,'Elixir.Logger.ErrorHandler'},{mfargs,{'Elixir.Logger.Watcher',watcher,[error_logger,'Elixir.Logger.ErrorHandler',{true,false,500}]}},{restart_type,permanent},{shutdown,5000},{child_type,worker}]

2017-05-24 18:35:19 =SUPERVISOR REPORT====
     Supervisor: {local,'Elixir.Logger.Supervisor'}
     Context:    child_terminated
     Reason:     normal
     Offender:   [{pid,<0.252.0>},{id,'Elixir.Logger.ErrorHandler'},{mfargs,{'Elixir.Logger.Watcher',watcher,[error_logger,'Elixir.Logger.ErrorHandler',{true,false,500}]}},{restart_type,permanent},{shutdown,5000},{child_type,worker}]

2017-05-24 18:46:39 =SUPERVISOR REPORT====
     Supervisor: {local,'Elixir.Logger.Supervisor'}
     Context:    child_terminated
     Reason:     normal
     Offender:   [{pid,<0.207.0>},{id,'Elixir.Logger.ErrorHandler'},{mfargs,{'Elixir.Logger.Watcher',watcher,[error_logger,'Elixir.Logger.ErrorHandler',{true,false,500}]}},{restart_type,permanent},{shutdown,5000},{child_type,worker}]

2017-05-24 18:49:19 =SUPERVISOR REPORT====
     Supervisor: {local,'Elixir.Logger.Supervisor'}
     Context:    child_terminated
     Reason:     normal
     Offender:   [{pid,<0.207.0>},{id,'Elixir.Logger.ErrorHandler'},{mfargs,{'Elixir.Logger.Watcher',watcher,[error_logger,'Elixir.Logger.ErrorHandler',{true,false,500}]}},{restart_type,permanent},{shutdown,5000},{child_type,worker}]

2017-05-24 18:50:56 =SUPERVISOR REPORT====
     Supervisor: {local,'Elixir.Logger.Supervisor'}
     Context:    child_terminated
     Reason:     normal
     Offender:   [{pid,<0.252.0>},{id,'Elixir.Logger.ErrorHandler'},{mfargs,{'Elixir.Logger.Watcher',watcher,[error_logger,'Elixir.Logger.ErrorHandler',{true,false,500}]}},{restart_type,permanent},{shutdown,5000},{child_type,worker}]

2017-05-24 19:12:05 =SUPERVISOR REPORT====
     Supervisor: {local,'Elixir.Logger.Supervisor'}
     Context:    child_terminated
     Reason:     normal
     Offender:   [{pid,<0.258.0>},{id,'Elixir.Logger.ErrorHandler'},{mfargs,{'Elixir.Logger.Watcher',watcher,[error_logger,'Elixir.Logger.ErrorHandler',{true,false,500}]}},{restart_type,permanent},{shutdown,5000},{child_type,worker}]

2017-05-24 19:12:36 =SUPERVISOR REPORT====
     Supervisor: {local,'Elixir.Logger.Supervisor'}
     Context:    child_terminated
     Reason:     normal
     Offender:   [{pid,<0.207.0>},{id,'Elixir.Logger.ErrorHandler'},{mfargs,{'Elixir.Logger.Watcher',watcher,[error_logger,'Elixir.Logger.ErrorHandler',{true,false,500}]}},{restart_type,permanent},{shutdown,5000},{child_type,worker}]

2017-05-24 19:13:54 =SUPERVISOR REPORT====
     Supervisor: {local,'Elixir.Logger.Supervisor'}
     Context:    child_terminated
     Reason:     normal
     Offender:   [{pid,<0.234.0>},{id,'Elixir.Logger.ErrorHandler'},{mfargs,{'Elixir.Logger.Watcher',watcher,[error_logger,'Elixir.Logger.ErrorHandler',{true,false,500}]}},{restart_type,permanent},{shutdown,5000},{child_type,worker}]

2017-05-24 19:14:18 =CRASH REPORT====
  crasher:
    initial call: Elixir.Bot.Skill.Wrapper:init/1
    pid: <0.420.0>
    registered_name: []
    exception exit: {{undef,[{'Elixir.Bot.Skill.Hello',casts,[],[]},{'Elixir.Bot.Skill.Wrapper',init,1,[{file,"lib/bot/skill/wrapper.ex"},{line,14}]},{gen_server,init_it,6,[{file,"gen_server.erl"},{line,328}]},{proc_lib,init_p_do_apply,3,[{file,"proc_lib.erl"},{line,247}]}]},[{gen_server,init_it,6,[{file,"gen_server.erl"},{line,352}]},{proc_lib,init_p_do_apply,3,[{file,"proc_lib.erl"},{line,247}]}]}
    ancestors: [<0.419.0>,'Elixir.Bot.Skill.Supervisor','Elixir.Bot.Supervisor',<0.414.0>]
    messages: [start]
    links: []
    dictionary: []
    trap_exit: false
    status: running
    heap_size: 610
    stack_size: 27
    reductions: 156
  neighbours:
2017-05-24 19:14:18 =CRASH REPORT====
  crasher:
    initial call: Elixir.Bot.Skill.Delay:init/1
    pid: <0.419.0>
    registered_name: []
    exception exit: {{{badmatch,{error,{undef,[{'Elixir.Bot.Skill.Hello',casts,[],[]},{'Elixir.Bot.Skill.Wrapper',init,1,[{file,"lib/bot/skill/wrapper.ex"},{line,14}]},{gen_server,init_it,6,[{file,"gen_server.erl"},{line,328}]},{proc_lib,init_p_do_apply,3,[{file,"proc_lib.erl"},{line,247}]}]}}},[{'Elixir.Bot.Skill.Delay',handle_info,2,[{file,"lib/bot/skill/delay.ex"},{line,14}]},{'Elixir.Bot.Skill.Delay',init,1,[{file,"lib/bot/skill/delay.ex"},{line,9}]},{gen_server,init_it,6,[{file,"gen_server.erl"},{line,328}]},{proc_lib,init_p_do_apply,3,[{file,"proc_lib.erl"},{line,247}]}]},[{gen_server,init_it,6,[{file,"gen_server.erl"},{line,352}]},{proc_lib,init_p_do_apply,3,[{file,"proc_lib.erl"},{line,247}]}]}
    ancestors: ['Elixir.Bot.Skill.Supervisor','Elixir.Bot.Supervisor',<0.414.0>]
    messages: []
    links: [<0.416.0>]
    dictionary: []
    trap_exit: false
    status: running
    heap_size: 987
    stack_size: 27
    reductions: 157
  neighbours:
2017-05-24 19:19:37 =SUPERVISOR REPORT====
     Supervisor: {local,'Elixir.Logger.Supervisor'}
     Context:    child_terminated
     Reason:     normal
     Offender:   [{pid,<0.250.0>},{id,'Elixir.Logger.ErrorHandler'},{mfargs,{'Elixir.Logger.Watcher',watcher,[error_logger,'Elixir.Logger.ErrorHandler',{true,false,500}]}},{restart_type,permanent},{shutdown,5000},{child_type,worker}]

2017-05-24 19:20:50 =SUPERVISOR REPORT====
     Supervisor: {local,'Elixir.Logger.Supervisor'}
     Context:    child_terminated
     Reason:     normal
     Offender:   [{pid,<0.252.0>},{id,'Elixir.Logger.ErrorHandler'},{mfargs,{'Elixir.Logger.Watcher',watcher,[error_logger,'Elixir.Logger.ErrorHandler',{true,false,500}]}},{restart_type,permanent},{shutdown,5000},{child_type,worker}]

2017-05-24 19:21:19 =SUPERVISOR REPORT====
     Supervisor: {local,'Elixir.Logger.Supervisor'}
     Context:    child_terminated
     Reason:     normal
     Offender:   [{pid,<0.252.0>},{id,'Elixir.Logger.ErrorHandler'},{mfargs,{'Elixir.Logger.Watcher',watcher,[error_logger,'Elixir.Logger.ErrorHandler',{true,false,500}]}},{restart_type,permanent},{shutdown,5000},{child_type,worker}]

2017-05-24 19:22:08 =SUPERVISOR REPORT====
     Supervisor: {local,'Elixir.Logger.Supervisor'}
     Context:    child_terminated
     Reason:     normal
     Offender:   [{pid,<0.252.0>},{id,'Elixir.Logger.ErrorHandler'},{mfargs,{'Elixir.Logger.Watcher',watcher,[error_logger,'Elixir.Logger.ErrorHandler',{true,false,500}]}},{restart_type,permanent},{shutdown,5000},{child_type,worker}]

2017-05-24 19:22:10 =ERROR REPORT====
** Task <0.441.0> terminating
** Started from <0.435.0>
** When function  == #Fun<Elixir.Bot.Skill.Hello.0.26567824>
**      arguments == []
** Reason for termination == 
** {{badmap,nil},[{maps,remove,[key,nil],[]},{'Elixir.Bot',wait,3,[{file,"lib/bot.ex"},{line,75}]},{'Elixir.Bot.Skill.Hello','-handle_cast/3-fun-1-',2,[{file,"lib/bot/sample/hello.ex"},{line,23}]},{'Elixir.Task.Supervised',do_apply,2,[{file,"lib/task/supervised.ex"},{line,85}]},{proc_lib,init_p_do_apply,3,[{file,"proc_lib.erl"},{line,247}]}]}
2017-05-24 19:22:10 =CRASH REPORT====
  crasher:
    initial call: Elixir.Bot.Skill.Hello:-handle_cast/3-fun-1-/0
    pid: <0.441.0>
    registered_name: []
    exception exit: {{{badmap,nil},[{maps,remove,[key,nil],[]},{'Elixir.Bot',wait,3,[{file,"lib/bot.ex"},{line,75}]},{'Elixir.Bot.Skill.Hello','-handle_cast/3-fun-1-',2,[{file,"lib/bot/sample/hello.ex"},{line,23}]},{'Elixir.Task.Supervised',do_apply,2,[{file,"lib/task/supervised.ex"},{line,85}]},{proc_lib,init_p_do_apply,3,[{file,"proc_lib.erl"},{line,247}]}]},[{'Elixir.Task.Supervised',exit,4,[{file,"lib/task/supervised.ex"},{line,116}]},{proc_lib,init_p_do_apply,3,[{file,"proc_lib.erl"},{line,247}]}]}
    ancestors: [<0.435.0>,<0.74.0>]
    messages: []
    links: [<0.435.0>]
    dictionary: []
    trap_exit: false
    status: running
    heap_size: 610
    stack_size: 27
    reductions: 155
  neighbours:
    neighbour: [{pid,<0.435.0>},{registered_name,[]},{initial_call,{'Elixir.IEx.Evaluator',init,['Argument__1','Argument__2','Argument__3','Argument__4']}},{current_function,{io,execute_request,2}},{ancestors,[<0.74.0>]},{messages,[]},{links,[<0.441.0>]},{dictionary,[{iex_history,#{'__struct__' => 'Elixir.IEx.History.State',queue => {[],[]},size => 0,start => 1}}]},{trap_exit,false},{status,waiting},{heap_size,987},{stack_size,52},{reductions,2621}]
2017-05-24 19:22:20 =SUPERVISOR REPORT====
     Supervisor: {local,'Elixir.Logger.Supervisor'}
     Context:    child_terminated
     Reason:     normal
     Offender:   [{pid,<0.207.0>},{id,'Elixir.Logger.ErrorHandler'},{mfargs,{'Elixir.Logger.Watcher',watcher,[error_logger,'Elixir.Logger.ErrorHandler',{true,false,500}]}},{restart_type,permanent},{shutdown,5000},{child_type,worker}]

2017-05-24 19:26:08 =SUPERVISOR REPORT====
     Supervisor: {local,'Elixir.Logger.Supervisor'}
     Context:    child_terminated
     Reason:     normal
     Offender:   [{pid,<0.222.0>},{id,'Elixir.Logger.ErrorHandler'},{mfargs,{'Elixir.Logger.Watcher',watcher,[error_logger,'Elixir.Logger.ErrorHandler',{true,false,500}]}},{restart_type,permanent},{shutdown,5000},{child_type,worker}]

2017-05-24 19:26:16 =SUPERVISOR REPORT====
     Supervisor: {local,'Elixir.Logger.Supervisor'}
     Context:    child_terminated
     Reason:     normal
     Offender:   [{pid,<0.222.0>},{id,'Elixir.Logger.ErrorHandler'},{mfargs,{'Elixir.Logger.Watcher',watcher,[error_logger,'Elixir.Logger.ErrorHandler',{true,false,500}]}},{restart_type,permanent},{shutdown,5000},{child_type,worker}]

2017-05-24 19:37:13 =SUPERVISOR REPORT====
     Supervisor: {local,'Elixir.Logger.Supervisor'}
     Context:    child_terminated
     Reason:     normal
     Offender:   [{pid,<0.207.0>},{id,'Elixir.Logger.ErrorHandler'},{mfargs,{'Elixir.Logger.Watcher',watcher,[error_logger,'Elixir.Logger.ErrorHandler',{true,false,500}]}},{restart_type,permanent},{shutdown,5000},{child_type,worker}]

2017-05-24 20:50:27 =SUPERVISOR REPORT====
     Supervisor: {local,'Elixir.Logger.Supervisor'}
     Context:    child_terminated
     Reason:     normal
     Offender:   [{pid,<0.252.0>},{id,'Elixir.Logger.ErrorHandler'},{mfargs,{'Elixir.Logger.Watcher',watcher,[error_logger,'Elixir.Logger.ErrorHandler',{true,false,500}]}},{restart_type,permanent},{shutdown,5000},{child_type,worker}]

2017-05-24 20:51:49 =SUPERVISOR REPORT====
     Supervisor: {local,'Elixir.Logger.Supervisor'}
     Context:    child_terminated
     Reason:     normal
     Offender:   [{pid,<0.240.0>},{id,'Elixir.Logger.ErrorHandler'},{mfargs,{'Elixir.Logger.Watcher',watcher,[error_logger,'Elixir.Logger.ErrorHandler',{true,false,500}]}},{restart_type,permanent},{shutdown,5000},{child_type,worker}]

